[0m[[0m[0mdebug[0m] [0m[0m> Exec(show test:dependencyClasspath, None, None)[0m
[0m[[0m[33mwarn[0m] [0m[0mbuild source files have changed[0m
[0m[[0m[33mwarn[0m] [0m[0mmodified files: [0m
[0m[[0m[33mwarn[0m] [0m[0m  /Users/moudgil/RagSpark/RagSpark/build.sbt[0m
[0m[[0m[33mwarn[0m] [0m[0mApply these changes by running `reload`.[0m
[0m[[0m[33mwarn[0m] [0m[0mAutomatically reload the build when source changes are detected by setting `Global / onChangedBuildSource := ReloadOnSourceChanges`.[0m
[0m[[0m[33mwarn[0m] [0m[0mDisable this warning by setting `Global / onChangedBuildSource := IgnoreSourceChanges`.[0m
[0m[[0m[0mdebug[0m] [0m[0mEvaluating tasks: Test / dependencyClasspath[0m
[0m[[0m[33mwarn[0m] [0m[0msbt 0.13 shell syntax is deprecated; use slash syntax instead: Test / dependencyClasspath[0m
[0m[[0m[0mdebug[0m] [0m[0mRunning task... Cancel: Signal, check cycles: false, forcegc: true[0m
[0m[[0m[0minfo[0m] [0m[0m* Attributed(/Users/moudgil/RagSpark/RagSpark/target/scala-2.12/classes)[0m
[0m[[0m[0minfo[0m] [0m[0m* Attributed(/Users/moudgil/Library/Caches/Coursier/v1/https/repo1.maven.org/maven2/org/scala-lang/scala-library/2.12.18/scala-library-2.12.18.jar)[0m
[0m[[0m[0minfo[0m] [0m[0m* Attributed(/Users/moudgil/Library/Caches/Coursier/v1/https/repo1.maven.org/maven2/org/apache/spark/spark-core_2.12/3.5.3/spark-core_2.12-3.5.3.jar)[0m
[0m[[0m[0minfo[0m] [0m[0m* Attributed(/Users/moudgil/Library/Caches/Coursier/v1/https/repo1.maven.org/maven2/org/apache/spark/spark-sql_2.12/3.5.3/spark-sql_2.12-3.5.3.jar)[0m
[0m[[0m[0minfo[0m] [0m[0m* Attributed(/Users/moudgil/Library/Caches/Coursier/v1/https/repo1.maven.org/maven2/io/delta/delta-spark_2.12/3.2.0/delta-spark_2.12-3.2.0.jar)[0m
[0m[[0m[0minfo[0m] [0m[0m* Attributed(/Users/moudgil/Library/Caches/Coursier/v1/https/repo1.maven.org/maven2/org/apache/pdfbox/pdfbox/2.0.30/pdfbox-2.0.30.jar)[0m
[0m[[0m[0minfo[0m] [0m[0m* Attributed(/Users/moudgil/Library/Caches/Coursier/v1/https/repo1.maven.org/maven2/org/scalaj/scalaj-http_2.12/2.4.2/scalaj-http_2.12-2.4.2.jar)[0m
[0m[[0m[0minfo[0m] [0m[0m* Attributed(/Users/moudgil/Library/Caches/Coursier/v1/https/repo1.maven.org/maven2/org/apache/lucene/lucene-core/9.8.0/lucene-core-9.8.0.jar)[0m
[0m[[0m[0minfo[0m] [0m[0m* Attributed(/Users/moudgil/Library/Caches/Coursier/v1/https/repo1.maven.org/maven2/org/apache/lucene/lucene-analysis-common/9.8.0/lucene-analysis-common-9.8.0.jar)[0m
[0m[[0m[0minfo[0m] [0m[0m* Attributed(/Users/moudgil/Library/Caches/Coursier/v1/https/repo1.maven.org/maven2/org/apache/lucene/lucene-queryparser/9.8.0/lucene-queryparser-9.8.0.jar)[0m
[0m[[0m[0minfo[0m] [0m[0m* Attributed(/Users/moudgil/Library/Caches/Coursier/v1/https/repo1.maven.org/maven2/org/slf4j/slf4j-api/2.0.13/slf4j-api-2.0.13.jar)[0m
[0m[[0m[0minfo[0m] [0m[0m* Attributed(/Users/moudgil/Library/Caches/Coursier/v1/https/repo1.maven.org/maven2/ch/qos/logback/logback-classic/1.5.6/logback-classic-1.5.6.jar)[0m
[0m[[0m[0minfo[0m] [0m[0m* Attributed(/Users/moudgil/Library/Caches/Coursier/v1/https/repo1.maven.org/maven2/org/scalatest/scalatest_2.12/3.2.17/scalatest_2.12-3.2.17.jar)[0m
[0m[[0m[0minfo[0m] [0m[0m* Attributed(/Users/moudgil/Library/Caches/Coursier/v1/https/repo1.maven.org/maven2/org/scalatestplus/mockito-4-11_2.12/3.2.17.0/mockito-4-11_2.12-3.2.17.0.jar)[0m
[0m[[0m[0minfo[0m] [0m[0m* Attributed(/Users/moudgil/Library/Caches/Coursier/v1/https/repo1.maven.org/maven2/org/mockito/mockito-scala_2.12/1.17.31/mockito-scala_2.12-1.17.31.jar)[0m
[0m[[0m[0minfo[0m] [0m[0m* Attributed(/Users/moudgil/Library/Caches/Coursier/v1/https/repo1.maven.org/maven2/org/mockito/mockito-core/5.7.0/mockito-core-5.7.0.jar)[0m
[0m[[0m[0minfo[0m] [0m[0m* Attributed(/Users/moudgil/Library/Caches/Coursier/v1/https/repo1.maven.org/maven2/io/mockk/mockk/1.13.8/mockk-1.13.8.jar)[0m
[0m[[0m[0minfo[0m] [0m[0m* Attributed(/Users/moudgil/Library/Caches/Coursier/v1/https/repo1.maven.org/maven2/org/apache/avro/avro/1.11.2/avro-1.11.2.jar)[0m
[0m[[0m[0minfo[0m] [0m[0m* Attributed(/Users/moudgil/Library/Caches/Coursier/v1/https/repo1.maven.org/maven2/org/apache/avro/avro-mapred/1.11.2/avro-mapred-1.11.2.jar)[0m
[0m[[0m[0minfo[0m] [0m[0m* Attributed(/Users/moudgil/Library/Caches/Coursier/v1/https/repo1.maven.org/maven2/com/twitter/chill_2.12/0.10.0/chill_2.12-0.10.0.jar)[0m
[0m[[0m[0minfo[0m] [0m[0m* Attributed(/Users/moudgil/Library/Caches/Coursier/v1/https/repo1.maven.org/maven2/com/twitter/chill-java/0.10.0/chill-java-0.10.0.jar)[0m
[0m[[0m[0minfo[0m] [0m[0m* Attributed(/Users/moudgil/Library/Caches/Coursier/v1/https/repo1.maven.org/maven2/org/apache/xbean/xbean-asm9-shaded/4.23/xbean-asm9-shaded-4.23.jar)[0m
[0m[[0m[0minfo[0m] [0m[0m* Attributed(/Users/moudgil/Library/Caches/Coursier/v1/https/repo1.maven.org/maven2/org/apache/hadoop/hadoop-client-api/3.3.4/hadoop-client-api-3.3.4.jar)[0m
[0m[[0m[0minfo[0m] [0m[0m* Attributed(/Users/moudgil/Library/Caches/Coursier/v1/https/repo1.maven.org/maven2/org/apache/hadoop/hadoop-client-runtime/3.3.4/hadoop-client-runtime-3.3.4.jar)[0m
[0m[[0m[0minfo[0m] [0m[0m* Attributed(/Users/moudgil/Library/Caches/Coursier/v1/https/repo1.maven.org/maven2/org/apache/spark/spark-launcher_2.12/3.5.3/spark-launcher_2.12-3.5.3.jar)[0m
[0m[[0m[0minfo[0m] [0m[0m* Attributed(/Users/moudgil/Library/Caches/Coursier/v1/https/repo1.maven.org/maven2/org/apache/spark/spark-kvstore_2.12/3.5.3/spark-kvstore_2.12-3.5.3.jar)[0m
[0m[[0m[0minfo[0m] [0m[0m* Attributed(/Users/moudgil/Library/Caches/Coursier/v1/https/repo1.maven.org/maven2/org/apache/spark/spark-network-common_2.12/3.5.3/spark-network-common_2.12-3.5.3.jar)[0m
[0m[[0m[0minfo[0m] [0m[0m* Attributed(/Users/moudgil/Library/Caches/Coursier/v1/https/repo1.maven.org/maven2/org/apache/spark/spark-network-shuffle_2.12/3.5.3/spark-network-shuffle_2.12-3.5.3.jar)[0m
[0m[[0m[0minfo[0m] [0m[0m* Attributed(/Users/moudgil/Library/Caches/Coursier/v1/https/repo1.maven.org/maven2/org/apache/spark/spark-unsafe_2.12/3.5.3/spark-unsafe_2.12-3.5.3.jar)[0m
[0m[[0m[0minfo[0m] [0m[0m* Attributed(/Users/moudgil/Library/Caches/Coursier/v1/https/repo1.maven.org/maven2/org/apache/spark/spark-common-utils_2.12/3.5.3/spark-common-utils_2.12-3.5.3.jar)[0m
[0m[[0m[0minfo[0m] [0m[0m* Attributed(/Users/moudgil/Library/Caches/Coursier/v1/https/repo1.maven.org/maven2/javax/activation/activation/1.1.1/activation-1.1.1.jar)[0m
[0m[[0m[0minfo[0m] [0m[0m* Attributed(/Users/moudgil/Library/Caches/Coursier/v1/https/repo1.maven.org/maven2/org/apache/curator/curator-recipes/2.13.0/curator-recipes-2.13.0.jar)[0m
[0m[[0m[0minfo[0m] [0m[0m* Attributed(/Users/moudgil/Library/Caches/Coursier/v1/https/repo1.maven.org/maven2/org/apache/zookeeper/zookeeper/3.6.3/zookeeper-3.6.3.jar)[0m
[0m[[0m[0minfo[0m] [0m[0m* Attributed(/Users/moudgil/Library/Caches/Coursier/v1/https/repo1.maven.org/maven2/jakarta/servlet/jakarta.servlet-api/4.0.3/jakarta.servlet-api-4.0.3.jar)[0m
[0m[[0m[0minfo[0m] [0m[0m* Attributed(/Users/moudgil/Library/Caches/Coursier/v1/https/repo1.maven.org/maven2/commons-codec/commons-codec/1.16.1/commons-codec-1.16.1.jar)[0m
[0m[[0m[0minfo[0m] [0m[0m* Attributed(/Users/moudgil/Library/Caches/Coursier/v1/https/repo1.maven.org/maven2/org/apache/commons/commons-compress/1.23.0/commons-compress-1.23.0.jar)[0m
[0m[[0m[0minfo[0m] [0m[0m* Attributed(/Users/moudgil/Library/Caches/Coursier/v1/https/repo1.maven.org/maven2/org/apache/commons/commons-lang3/3.12.0/commons-lang3-3.12.0.jar)[0m
[0m[[0m[0minfo[0m] [0m[0m* Attributed(/Users/moudgil/Library/Caches/Coursier/v1/https/repo1.maven.org/maven2/org/apache/commons/commons-math3/3.6.1/commons-math3-3.6.1.jar)[0m
[0m[[0m[0minfo[0m] [0m[0m* Attributed(/Users/moudgil/Library/Caches/Coursier/v1/https/repo1.maven.org/maven2/org/apache/commons/commons-text/1.10.0/commons-text-1.10.0.jar)[0m
[0m[[0m[0minfo[0m] [0m[0m* Attributed(/Users/moudgil/Library/Caches/Coursier/v1/https/repo1.maven.org/maven2/commons-io/commons-io/2.16.1/commons-io-2.16.1.jar)[0m
[0m[[0m[0minfo[0m] [0m[0m* Attributed(/Users/moudgil/Library/Caches/Coursier/v1/https/repo1.maven.org/maven2/commons-collections/commons-collections/3.2.2/commons-collections-3.2.2.jar)[0m
[0m[[0m[0minfo[0m] [0m[0m* Attributed(/Users/moudgil/Library/Caches/Coursier/v1/https/repo1.maven.org/maven2/org/apache/commons/commons-collections4/4.4/commons-collections4-4.4.jar)[0m
[0m[[0m[0minfo[0m] [0m[0m* Attributed(/Users/moudgil/Library/Caches/Coursier/v1/https/repo1.maven.org/maven2/com/google/code/findbugs/jsr305/3.0.2/jsr305-3.0.2.jar)[0m
[0m[[0m[0minfo[0m] [0m[0m* Attributed(/Users/moudgil/Library/Caches/Coursier/v1/https/repo1.maven.org/maven2/com/ning/compress-lzf/1.1.2/compress-lzf-1.1.2.jar)[0m
[0m[[0m[0minfo[0m] [0m[0m* Attributed(/Users/moudgil/Library/Caches/Coursier/v1/https/repo1.maven.org/maven2/org/xerial/snappy/snappy-java/1.1.10.5/snappy-java-1.1.10.5.jar)[0m
[0m[[0m[0minfo[0m] [0m[0m* Attributed(/Users/moudgil/Library/Caches/Coursier/v1/https/repo1.maven.org/maven2/org/lz4/lz4-java/1.8.0/lz4-java-1.8.0.jar)[0m
[0m[[0m[0minfo[0m] [0m[0m* Attributed(/Users/moudgil/Library/Caches/Coursier/v1/https/repo1.maven.org/maven2/com/github/luben/zstd-jni/1.5.5-4/zstd-jni-1.5.5-4.jar)[0m
[0m[[0m[0minfo[0m] [0m[0m* Attributed(/Users/moudgil/Library/Caches/Coursier/v1/https/repo1.maven.org/maven2/org/roaringbitmap/RoaringBitmap/0.9.45/RoaringBitmap-0.9.45.jar)[0m
[0m[[0m[0minfo[0m] [0m[0m* Attributed(/Users/moudgil/Library/Caches/Coursier/v1/https/repo1.maven.org/maven2/org/scala-lang/modules/scala-xml_2.12/2.1.0/scala-xml_2.12-2.1.0.jar)[0m
[0m[[0m[0minfo[0m] [0m[0m* Attributed(/Users/moudgil/Library/Caches/Coursier/v1/https/repo1.maven.org/maven2/org/scala-lang/modules/scala-collection-compat_2.12/2.7.0/scala-collection-compat_2.12-2.7.0.jar)[0m
[0m[[0m[0minfo[0m] [0m[0m* Attributed(/Users/moudgil/Library/Caches/Coursier/v1/https/repo1.maven.org/maven2/org/scala-lang/scala-reflect/2.12.18/scala-reflect-2.12.18.jar)[0m
[0m[[0m[0minfo[0m] [0m[0m* Attributed(/Users/moudgil/Library/Caches/Coursier/v1/https/repo1.maven.org/maven2/org/json4s/json4s-jackson_2.12/3.7.0-M11/json4s-jackson_2.12-3.7.0-M11.jar)[0m
[0m[[0m[0minfo[0m] [0m[0m* Attributed(/Users/moudgil/Library/Caches/Coursier/v1/https/repo1.maven.org/maven2/org/glassfish/jersey/core/jersey-client/2.40/jersey-client-2.40.jar)[0m
[0m[[0m[0minfo[0m] [0m[0m* Attributed(/Users/moudgil/Library/Caches/Coursier/v1/https/repo1.maven.org/maven2/org/glassfish/jersey/core/jersey-common/2.40/jersey-common-2.40.jar)[0m
[0m[[0m[0minfo[0m] [0m[0m* Attributed(/Users/moudgil/Library/Caches/Coursier/v1/https/repo1.maven.org/maven2/org/glassfish/jersey/core/jersey-server/2.40/jersey-server-2.40.jar)[0m
[0m[[0m[0minfo[0m] [0m[0m* Attributed(/Users/moudgil/Library/Caches/Coursier/v1/https/repo1.maven.org/maven2/org/glassfish/jersey/containers/jersey-container-servlet/2.40/jersey-container-servlet-2.40.jar)[0m
[0m[[0m[0minfo[0m] [0m[0m* Attributed(/Users/moudgil/Library/Caches/Coursier/v1/https/repo1.maven.org/maven2/org/glassfish/jersey/containers/jersey-container-servlet-core/2.40/jersey-container-servlet-core-2.40.jar)[0m
[0m[[0m[0minfo[0m] [0m[0m* Attributed(/Users/moudgil/Library/Caches/Coursier/v1/https/repo1.maven.org/maven2/org/glassfish/jersey/inject/jersey-hk2/2.40/jersey-hk2-2.40.jar)[0m
[0m[[0m[0minfo[0m] [0m[0m* Attributed(/Users/moudgil/Library/Caches/Coursier/v1/https/repo1.maven.org/maven2/io/netty/netty-all/4.1.96.Final/netty-all-4.1.96.Final.jar)[0m
[0m[[0m[0minfo[0m] [0m[0m* Attributed(/Users/moudgil/Library/Caches/Coursier/v1/https/repo1.maven.org/maven2/io/netty/netty-transport-native-epoll/4.1.96.Final/netty-transport-native-epoll-4.1.96.Final-linux-x86_64.jar)[0m
[0m[[0m[0minfo[0m] [0m[0m* Attributed(/Users/moudgil/Library/Caches/Coursier/v1/https/repo1.maven.org/maven2/io/netty/netty-transport-native-epoll/4.1.96.Final/netty-transport-native-epoll-4.1.96.Final-linux-aarch_64.jar)[0m
[0m[[0m[0minfo[0m] [0m[0m* Attributed(/Users/moudgil/Library/Caches/Coursier/v1/https/repo1.maven.org/maven2/io/netty/netty-transport-native-kqueue/4.1.96.Final/netty-transport-native-kqueue-4.1.96.Final-osx-aarch_64.jar)[0m
[0m[[0m[0minfo[0m] [0m[0m* Attributed(/Users/moudgil/Library/Caches/Coursier/v1/https/repo1.maven.org/maven2/io/netty/netty-transport-native-kqueue/4.1.96.Final/netty-transport-native-kqueue-4.1.96.Final-osx-x86_64.jar)[0m
[0m[[0m[0minfo[0m] [0m[0m* Attributed(/Users/moudgil/Library/Caches/Coursier/v1/https/repo1.maven.org/maven2/com/clearspring/analytics/stream/2.9.6/stream-2.9.6.jar)[0m
[0m[[0m[0minfo[0m] [0m[0m* Attributed(/Users/moudgil/Library/Caches/Coursier/v1/https/repo1.maven.org/maven2/io/dropwizard/metrics/metrics-core/4.2.19/metrics-core-4.2.19.jar)[0m
[0m[[0m[0minfo[0m] [0m[0m* Attributed(/Users/moudgil/Library/Caches/Coursier/v1/https/repo1.maven.org/maven2/io/dropwizard/metrics/metrics-jvm/4.2.19/metrics-jvm-4.2.19.jar)[0m
[0m[[0m[0minfo[0m] [0m[0m* Attributed(/Users/moudgil/Library/Caches/Coursier/v1/https/repo1.maven.org/maven2/io/dropwizard/metrics/metrics-json/4.2.19/metrics-json-4.2.19.jar)[0m
[0m[[0m[0minfo[0m] [0m[0m* Attributed(/Users/moudgil/Library/Caches/Coursier/v1/https/repo1.maven.org/maven2/io/dropwizard/metrics/metrics-graphite/4.2.19/metrics-graphite-4.2.19.jar)[0m
[0m[[0m[0minfo[0m] [0m[0m* Attributed(/Users/moudgil/Library/Caches/Coursier/v1/https/repo1.maven.org/maven2/io/dropwizard/metrics/metrics-jmx/4.2.19/metrics-jmx-4.2.19.jar)[0m
[0m[[0m[0minfo[0m] [0m[0m* Attributed(/Users/moudgil/Library/Caches/Coursier/v1/https/repo1.maven.org/maven2/com/fasterxml/jackson/core/jackson-databind/2.15.2/jackson-databind-2.15.2.jar)[0m
[0m[[0m[0minfo[0m] [0m[0m* Attributed(/Users/moudgil/Library/Caches/Coursier/v1/https/repo1.maven.org/maven2/com/fasterxml/jackson/module/jackson-module-scala_2.12/2.15.2/jackson-module-scala_2.12-2.15.2.jar)[0m
[0m[[0m[0minfo[0m] [0m[0m* Attributed(/Users/moudgil/Library/Caches/Coursier/v1/https/repo1.maven.org/maven2/org/apache/ivy/ivy/2.5.1/ivy-2.5.1.jar)[0m
[0m[[0m[0minfo[0m] [0m[0m* Attributed(/Users/moudgil/Library/Caches/Coursier/v1/https/repo1.maven.org/maven2/oro/oro/2.0.8/oro-2.0.8.jar)[0m
[0m[[0m[0minfo[0m] [0m[0m* Attributed(/Users/moudgil/Library/Caches/Coursier/v1/https/repo1.maven.org/maven2/net/razorvine/pickle/1.3/pickle-1.3.jar)[0m
[0m[[0m[0minfo[0m] [0m[0m* Attributed(/Users/moudgil/Library/Caches/Coursier/v1/https/repo1.maven.org/maven2/net/sf/py4j/py4j/0.10.9.7/py4j-0.10.9.7.jar)[0m
[0m[[0m[0minfo[0m] [0m[0m* Attributed(/Users/moudgil/Library/Caches/Coursier/v1/https/repo1.maven.org/maven2/org/apache/spark/spark-tags_2.12/3.5.3/spark-tags_2.12-3.5.3.jar)[0m
[0m[[0m[0minfo[0m] [0m[0m* Attributed(/Users/moudgil/Library/Caches/Coursier/v1/https/repo1.maven.org/maven2/org/apache/commons/commons-crypto/1.1.0/commons-crypto-1.1.0.jar)[0m
[0m[[0m[0minfo[0m] [0m[0m* Attributed(/Users/moudgil/Library/Caches/Coursier/v1/https/repo1.maven.org/maven2/org/rocksdb/rocksdbjni/8.3.2/rocksdbjni-8.3.2.jar)[0m
[0m[[0m[0minfo[0m] [0m[0m* Attributed(/Users/moudgil/Library/Caches/Coursier/v1/https/repo1.maven.org/maven2/com/univocity/univocity-parsers/2.9.1/univocity-parsers-2.9.1.jar)[0m
[0m[[0m[0minfo[0m] [0m[0m* Attributed(/Users/moudgil/Library/Caches/Coursier/v1/https/repo1.maven.org/maven2/org/apache/spark/spark-sketch_2.12/3.5.3/spark-sketch_2.12-3.5.3.jar)[0m
[0m[[0m[0minfo[0m] [0m[0m* Attributed(/Users/moudgil/Library/Caches/Coursier/v1/https/repo1.maven.org/maven2/org/apache/spark/spark-catalyst_2.12/3.5.3/spark-catalyst_2.12-3.5.3.jar)[0m
[0m[[0m[0minfo[0m] [0m[0m* Attributed(/Users/moudgil/Library/Caches/Coursier/v1/https/repo1.maven.org/maven2/org/apache/orc/orc-core/1.9.4/orc-core-1.9.4-shaded-protobuf.jar)[0m
[0m[[0m[0minfo[0m] [0m[0m* Attributed(/Users/moudgil/Library/Caches/Coursier/v1/https/repo1.maven.org/maven2/org/apache/orc/orc-mapreduce/1.9.4/orc-mapreduce-1.9.4-shaded-protobuf.jar)[0m
[0m[[0m[0minfo[0m] [0m[0m* Attributed(/Users/moudgil/Library/Caches/Coursier/v1/https/repo1.maven.org/maven2/org/apache/hive/hive-storage-api/2.8.1/hive-storage-api-2.8.1.jar)[0m
[0m[[0m[0minfo[0m] [0m[0m* Attributed(/Users/moudgil/Library/Caches/Coursier/v1/https/repo1.maven.org/maven2/org/apache/parquet/parquet-column/1.13.1/parquet-column-1.13.1.jar)[0m
[0m[[0m[0minfo[0m] [0m[0m* Attributed(/Users/moudgil/Library/Caches/Coursier/v1/https/repo1.maven.org/maven2/org/apache/parquet/parquet-hadoop/1.13.1/parquet-hadoop-1.13.1.jar)[0m
[0m[[0m[0minfo[0m] [0m[0m* Attributed(/Users/moudgil/Library/Caches/Coursier/v1/https/repo1.maven.org/maven2/io/delta/delta-storage/3.2.0/delta-storage-3.2.0.jar)[0m
[0m[[0m[0minfo[0m] [0m[0m* Attributed(/Users/moudgil/Library/Caches/Coursier/v1/https/repo1.maven.org/maven2/org/antlr/antlr4-runtime/4.9.3/antlr4-runtime-4.9.3.jar)[0m
[0m[[0m[0minfo[0m] [0m[0m* Attributed(/Users/moudgil/Library/Caches/Coursier/v1/https/repo1.maven.org/maven2/org/apache/pdfbox/fontbox/2.0.30/fontbox-2.0.30.jar)[0m
[0m[[0m[0minfo[0m] [0m[0m* Attributed(/Users/moudgil/Library/Caches/Coursier/v1/https/repo1.maven.org/maven2/commons-logging/commons-logging/1.2/commons-logging-1.2.jar)[0m
[0m[[0m[0minfo[0m] [0m[0m* Attributed(/Users/moudgil/Library/Caches/Coursier/v1/https/repo1.maven.org/maven2/org/apache/lucene/lucene-queries/9.8.0/lucene-queries-9.8.0.jar)[0m
[0m[[0m[0minfo[0m] [0m[0m* Attributed(/Users/moudgil/Library/Caches/Coursier/v1/https/repo1.maven.org/maven2/org/apache/lucene/lucene-sandbox/9.8.0/lucene-sandbox-9.8.0.jar)[0m
[0m[[0m[0minfo[0m] [0m[0m* Attributed(/Users/moudgil/Library/Caches/Coursier/v1/https/repo1.maven.org/maven2/ch/qos/logback/logback-core/1.5.6/logback-core-1.5.6.jar)[0m
[0m[[0m[0minfo[0m] [0m[0m* Attributed(/Users/moudgil/Library/Caches/Coursier/v1/https/repo1.maven.org/maven2/org/scalatest/scalatest-core_2.12/3.2.17/scalatest-core_2.12-3.2.17.jar)[0m
[0m[[0m[0minfo[0m] [0m[0m* Attributed(/Users/moudgil/Library/Caches/Coursier/v1/https/repo1.maven.org/maven2/org/scalatest/scalatest-featurespec_2.12/3.2.17/scalatest-featurespec_2.12-3.2.17.jar)[0m
[0m[[0m[0minfo[0m] [0m[0m* Attributed(/Users/moudgil/Library/Caches/Coursier/v1/https/repo1.maven.org/maven2/org/scalatest/scalatest-flatspec_2.12/3.2.17/scalatest-flatspec_2.12-3.2.17.jar)[0m
[0m[[0m[0minfo[0m] [0m[0m* Attributed(/Users/moudgil/Library/Caches/Coursier/v1/https/repo1.maven.org/maven2/org/scalatest/scalatest-freespec_2.12/3.2.17/scalatest-freespec_2.12-3.2.17.jar)[0m
[0m[[0m[0minfo[0m] [0m[0m* Attributed(/Users/moudgil/Library/Caches/Coursier/v1/https/repo1.maven.org/maven2/org/scalatest/scalatest-funsuite_2.12/3.2.17/scalatest-funsuite_2.12-3.2.17.jar)[0m
[0m[[0m[0minfo[0m] [0m[0m* Attributed(/Users/moudgil/Library/Caches/Coursier/v1/https/repo1.maven.org/maven2/org/scalatest/scalatest-funspec_2.12/3.2.17/scalatest-funspec_2.12-3.2.17.jar)[0m
[0m[[0m[0minfo[0m] [0m[0m* Attributed(/Users/moudgil/Library/Caches/Coursier/v1/https/repo1.maven.org/maven2/org/scalatest/scalatest-propspec_2.12/3.2.17/scalatest-propspec_2.12-3.2.17.jar)[0m
[0m[[0m[0minfo[0m] [0m[0m* Attributed(/Users/moudgil/Library/Caches/Coursier/v1/https/repo1.maven.org/maven2/org/scalatest/scalatest-refspec_2.12/3.2.17/scalatest-refspec_2.12-3.2.17.jar)[0m
[0m[[0m[0minfo[0m] [0m[0m* Attributed(/Users/moudgil/Library/Caches/Coursier/v1/https/repo1.maven.org/maven2/org/scalatest/scalatest-wordspec_2.12/3.2.17/scalatest-wordspec_2.12-3.2.17.jar)[0m
[0m[[0m[0minfo[0m] [0m[0m* Attributed(/Users/moudgil/Library/Caches/Coursier/v1/https/repo1.maven.org/maven2/org/scalatest/scalatest-diagrams_2.12/3.2.17/scalatest-diagrams_2.12-3.2.17.jar)[0m
[0m[[0m[0minfo[0m] [0m[0m* Attributed(/Users/moudgil/Library/Caches/Coursier/v1/https/repo1.maven.org/maven2/org/scalatest/scalatest-matchers-core_2.12/3.2.17/scalatest-matchers-core_2.12-3.2.17.jar)[0m
[0m[[0m[0minfo[0m] [0m[0m* Attributed(/Users/moudgil/Library/Caches/Coursier/v1/https/repo1.maven.org/maven2/org/scalatest/scalatest-shouldmatchers_2.12/3.2.17/scalatest-shouldmatchers_2.12-3.2.17.jar)[0m
[0m[[0m[0minfo[0m] [0m[0m* Attributed(/Users/moudgil/Library/Caches/Coursier/v1/https/repo1.maven.org/maven2/org/scalatest/scalatest-mustmatchers_2.12/3.2.17/scalatest-mustmatchers_2.12-3.2.17.jar)[0m
[0m[[0m[0minfo[0m] [0m[0m* Attributed(/Users/moudgil/Library/Caches/Coursier/v1/https/repo1.maven.org/maven2/org/scalactic/scalactic_2.12/3.2.17/scalactic_2.12-3.2.17.jar)[0m
[0m[[0m[0minfo[0m] [0m[0m* Attributed(/Users/moudgil/Library/Caches/Coursier/v1/https/repo1.maven.org/maven2/ru/vyarus/generics-resolver/3.0.3/generics-resolver-3.0.3.jar)[0m
[0m[[0m[0minfo[0m] [0m[0m* Attributed(/Users/moudgil/Library/Caches/Coursier/v1/https/repo1.maven.org/maven2/net/bytebuddy/byte-buddy/1.14.9/byte-buddy-1.14.9.jar)[0m
[0m[[0m[0minfo[0m] [0m[0m* Attributed(/Users/moudgil/Library/Caches/Coursier/v1/https/repo1.maven.org/maven2/net/bytebuddy/byte-buddy-agent/1.14.9/byte-buddy-agent-1.14.9.jar)[0m
[0m[[0m[0minfo[0m] [0m[0m* Attributed(/Users/moudgil/Library/Caches/Coursier/v1/https/repo1.maven.org/maven2/org/objenesis/objenesis/3.3/objenesis-3.3.jar)[0m
[0m[[0m[0minfo[0m] [0m[0m* Attributed(/Users/moudgil/Library/Caches/Coursier/v1/https/repo1.maven.org/maven2/io/mockk/mockk-dsl/1.13.8/mockk-dsl-1.13.8.jar)[0m
[0m[[0m[0minfo[0m] [0m[0m* Attributed(/Users/moudgil/Library/Caches/Coursier/v1/https/repo1.maven.org/maven2/io/mockk/mockk-agent/1.13.8/mockk-agent-1.13.8.jar)[0m
[0m[[0m[0minfo[0m] [0m[0m* Attributed(/Users/moudgil/Library/Caches/Coursier/v1/https/repo1.maven.org/maven2/io/mockk/mockk-agent-api/1.13.8/mockk-agent-api-1.13.8.jar)[0m
[0m[[0m[0minfo[0m] [0m[0m* Attributed(/Users/moudgil/Library/Caches/Coursier/v1/https/repo1.maven.org/maven2/io/mockk/mockk-core/1.13.8/mockk-core-1.13.8.jar)[0m
[0m[[0m[0minfo[0m] [0m[0m* Attributed(/Users/moudgil/Library/Caches/Coursier/v1/https/repo1.maven.org/maven2/org/jetbrains/kotlin/kotlin-stdlib-common/1.9.10/kotlin-stdlib-common-1.9.10.jar)[0m
[0m[[0m[0minfo[0m] [0m[0m* Attributed(/Users/moudgil/Library/Caches/Coursier/v1/https/repo1.maven.org/maven2/com/fasterxml/jackson/core/jackson-core/2.15.2/jackson-core-2.15.2.jar)[0m
[0m[[0m[0minfo[0m] [0m[0m* Attributed(/Users/moudgil/Library/Caches/Coursier/v1/https/repo1.maven.org/maven2/org/apache/avro/avro-ipc/1.11.2/avro-ipc-1.11.2.jar)[0m
[0m[[0m[0minfo[0m] [0m[0m* Attributed(/Users/moudgil/Library/Caches/Coursier/v1/https/repo1.maven.org/maven2/com/esotericsoftware/kryo-shaded/4.0.2/kryo-shaded-4.0.2.jar)[0m
[0m[[0m[0minfo[0m] [0m[0m* Attributed(/Users/moudgil/Library/Caches/Coursier/v1/https/repo1.maven.org/maven2/org/fusesource/leveldbjni/leveldbjni-all/1.8/leveldbjni-all-1.8.jar)[0m
[0m[[0m[0minfo[0m] [0m[0m* Attributed(/Users/moudgil/Library/Caches/Coursier/v1/https/repo1.maven.org/maven2/com/fasterxml/jackson/core/jackson-annotations/2.15.2/jackson-annotations-2.15.2.jar)[0m
[0m[[0m[0minfo[0m] [0m[0m* Attributed(/Users/moudgil/Library/Caches/Coursier/v1/https/repo1.maven.org/maven2/com/google/crypto/tink/tink/1.9.0/tink-1.9.0.jar)[0m
[0m[[0m[0minfo[0m] [0m[0m* Attributed(/Users/moudgil/Library/Caches/Coursier/v1/https/repo1.maven.org/maven2/org/slf4j/jul-to-slf4j/2.0.7/jul-to-slf4j-2.0.7.jar)[0m
[0m[[0m[0minfo[0m] [0m[0m* Attributed(/Users/moudgil/Library/Caches/Coursier/v1/https/repo1.maven.org/maven2/org/slf4j/jcl-over-slf4j/2.0.7/jcl-over-slf4j-2.0.7.jar)[0m
[0m[[0m[0minfo[0m] [0m[0m* Attributed(/Users/moudgil/Library/Caches/Coursier/v1/https/repo1.maven.org/maven2/org/apache/logging/log4j/log4j-slf4j2-impl/2.20.0/log4j-slf4j2-impl-2.20.0.jar)[0m
[0m[[0m[0minfo[0m] [0m[0m* Attributed(/Users/moudgil/Library/Caches/Coursier/v1/https/repo1.maven.org/maven2/org/apache/logging/log4j/log4j-api/2.20.0/log4j-api-2.20.0.jar)[0m
[0m[[0m[0minfo[0m] [0m[0m* Attributed(/Users/moudgil/Library/Caches/Coursier/v1/https/repo1.maven.org/maven2/org/apache/logging/log4j/log4j-core/2.20.0/log4j-core-2.20.0.jar)[0m
[0m[[0m[0minfo[0m] [0m[0m* Attributed(/Users/moudgil/Library/Caches/Coursier/v1/https/repo1.maven.org/maven2/org/apache/logging/log4j/log4j-1.2-api/2.20.0/log4j-1.2-api-2.20.0.jar)[0m
[0m[[0m[0minfo[0m] [0m[0m* Attributed(/Users/moudgil/Library/Caches/Coursier/v1/https/repo1.maven.org/maven2/org/apache/curator/curator-framework/2.13.0/curator-framework-2.13.0.jar)[0m
[0m[[0m[0minfo[0m] [0m[0m* Attributed(/Users/moudgil/Library/Caches/Coursier/v1/https/repo1.maven.org/maven2/org/apache/zookeeper/zookeeper-jute/3.6.3/zookeeper-jute-3.6.3.jar)[0m
[0m[[0m[0minfo[0m] [0m[0m* Attributed(/Users/moudgil/Library/Caches/Coursier/v1/https/repo1.maven.org/maven2/org/apache/yetus/audience-annotations/0.13.0/audience-annotations-0.13.0.jar)[0m
[0m[[0m[0minfo[0m] [0m[0m* Attributed(/Users/moudgil/Library/Caches/Coursier/v1/https/repo1.maven.org/maven2/org/roaringbitmap/shims/0.9.45/shims-0.9.45.jar)[0m
[0m[[0m[0minfo[0m] [0m[0m* Attributed(/Users/moudgil/Library/Caches/Coursier/v1/https/repo1.maven.org/maven2/org/json4s/json4s-core_2.12/3.7.0-M11/json4s-core_2.12-3.7.0-M11.jar)[0m
[0m[[0m[0minfo[0m] [0m[0m* Attributed(/Users/moudgil/Library/Caches/Coursier/v1/https/repo1.maven.org/maven2/jakarta/ws/rs/jakarta.ws.rs-api/2.1.6/jakarta.ws.rs-api-2.1.6.jar)[0m
[0m[[0m[0minfo[0m] [0m[0m* Attributed(/Users/moudgil/Library/Caches/Coursier/v1/https/repo1.maven.org/maven2/org/glassfish/hk2/external/jakarta.inject/2.6.1/jakarta.inject-2.6.1.jar)[0m
[0m[[0m[0minfo[0m] [0m[0m* Attributed(/Users/moudgil/Library/Caches/Coursier/v1/https/repo1.maven.org/maven2/jakarta/annotation/jakarta.annotation-api/1.3.5/jakarta.annotation-api-1.3.5.jar)[0m
[0m[[0m[0minfo[0m] [0m[0m* Attributed(/Users/moudgil/Library/Caches/Coursier/v1/https/repo1.maven.org/maven2/org/glassfish/hk2/osgi-resource-locator/1.0.3/osgi-resource-locator-1.0.3.jar)[0m
[0m[[0m[0minfo[0m] [0m[0m* Attributed(/Users/moudgil/Library/Caches/Coursier/v1/https/repo1.maven.org/maven2/jakarta/validation/jakarta.validation-api/2.0.2/jakarta.validation-api-2.0.2.jar)[0m
[0m[[0m[0minfo[0m] [0m[0m* Attributed(/Users/moudgil/Library/Caches/Coursier/v1/https/repo1.maven.org/maven2/org/glassfish/hk2/hk2-locator/2.6.1/hk2-locator-2.6.1.jar)[0m
[0m[[0m[0minfo[0m] [0m[0m* Attributed(/Users/moudgil/Library/Caches/Coursier/v1/https/repo1.maven.org/maven2/org/javassist/javassist/3.29.2-GA/javassist-3.29.2-GA.jar)[0m
[0m[[0m[0minfo[0m] [0m[0m* Attributed(/Users/moudgil/Library/Caches/Coursier/v1/https/repo1.maven.org/maven2/io/netty/netty-buffer/4.1.96.Final/netty-buffer-4.1.96.Final.jar)[0m
[0m[[0m[0minfo[0m] [0m[0m* Attributed(/Users/moudgil/Library/Caches/Coursier/v1/https/repo1.maven.org/maven2/io/netty/netty-codec/4.1.96.Final/netty-codec-4.1.96.Final.jar)[0m
[0m[[0m[0minfo[0m] [0m[0m* Attributed(/Users/moudgil/Library/Caches/Coursier/v1/https/repo1.maven.org/maven2/io/netty/netty-codec-http/4.1.96.Final/netty-codec-http-4.1.96.Final.jar)[0m
[0m[[0m[0minfo[0m] [0m[0m* Attributed(/Users/moudgil/Library/Caches/Coursier/v1/https/repo1.maven.org/maven2/io/netty/netty-codec-http2/4.1.96.Final/netty-codec-http2-4.1.96.Final.jar)[0m
[0m[[0m[0minfo[0m] [0m[0m* Attributed(/Users/moudgil/Library/Caches/Coursier/v1/https/repo1.maven.org/maven2/io/netty/netty-codec-socks/4.1.96.Final/netty-codec-socks-4.1.96.Final.jar)[0m
[0m[[0m[0minfo[0m] [0m[0m* Attributed(/Users/moudgil/Library/Caches/Coursier/v1/https/repo1.maven.org/maven2/io/netty/netty-common/4.1.96.Final/netty-common-4.1.96.Final.jar)[0m
[0m[[0m[0minfo[0m] [0m[0m* Attributed(/Users/moudgil/Library/Caches/Coursier/v1/https/repo1.maven.org/maven2/io/netty/netty-handler/4.1.96.Final/netty-handler-4.1.96.Final.jar)[0m
[0m[[0m[0minfo[0m] [0m[0m* Attributed(/Users/moudgil/Library/Caches/Coursier/v1/https/repo1.maven.org/maven2/io/netty/netty-transport-native-unix-common/4.1.96.Final/netty-transport-native-unix-common-4.1.96.Final.jar)[0m
[0m[[0m[0minfo[0m] [0m[0m* Attributed(/Users/moudgil/Library/Caches/Coursier/v1/https/repo1.maven.org/maven2/io/netty/netty-handler-proxy/4.1.96.Final/netty-handler-proxy-4.1.96.Final.jar)[0m
[0m[[0m[0minfo[0m] [0m[0m* Attributed(/Users/moudgil/Library/Caches/Coursier/v1/https/repo1.maven.org/maven2/io/netty/netty-resolver/4.1.96.Final/netty-resolver-4.1.96.Final.jar)[0m
[0m[[0m[0minfo[0m] [0m[0m* Attributed(/Users/moudgil/Library/Caches/Coursier/v1/https/repo1.maven.org/maven2/io/netty/netty-transport/4.1.96.Final/netty-transport-4.1.96.Final.jar)[0m
[0m[[0m[0minfo[0m] [0m[0m* Attributed(/Users/moudgil/Library/Caches/Coursier/v1/https/repo1.maven.org/maven2/io/netty/netty-transport-classes-epoll/4.1.96.Final/netty-transport-classes-epoll-4.1.96.Final.jar)[0m
[0m[[0m[0minfo[0m] [0m[0m* Attributed(/Users/moudgil/Library/Caches/Coursier/v1/https/repo1.maven.org/maven2/io/netty/netty-transport-classes-kqueue/4.1.96.Final/netty-transport-classes-kqueue-4.1.96.Final.jar)[0m
[0m[[0m[0minfo[0m] [0m[0m* Attributed(/Users/moudgil/Library/Caches/Coursier/v1/https/repo1.maven.org/maven2/com/thoughtworks/paranamer/paranamer/2.8/paranamer-2.8.jar)[0m
[0m[[0m[0minfo[0m] [0m[0m* Attributed(/Users/moudgil/Library/Caches/Coursier/v1/https/repo1.maven.org/maven2/org/apache/spark/spark-sql-api_2.12/3.5.3/spark-sql-api_2.12-3.5.3.jar)[0m
[0m[[0m[0minfo[0m] [0m[0m* Attributed(/Users/moudgil/Library/Caches/Coursier/v1/https/repo1.maven.org/maven2/org/codehaus/janino/janino/3.1.9/janino-3.1.9.jar)[0m
[0m[[0m[0minfo[0m] [0m[0m* Attributed(/Users/moudgil/Library/Caches/Coursier/v1/https/repo1.maven.org/maven2/org/codehaus/janino/commons-compiler/3.1.9/commons-compiler-3.1.9.jar)[0m
[0m[[0m[0minfo[0m] [0m[0m* Attributed(/Users/moudgil/Library/Caches/Coursier/v1/https/repo1.maven.org/maven2/org/apache/datasketches/datasketches-java/3.3.0/datasketches-java-3.3.0.jar)[0m
[0m[[0m[0minfo[0m] [0m[0m* Attributed(/Users/moudgil/Library/Caches/Coursier/v1/https/repo1.maven.org/maven2/org/apache/orc/orc-shims/1.9.4/orc-shims-1.9.4.jar)[0m
[0m[[0m[0minfo[0m] [0m[0m* Attributed(/Users/moudgil/Library/Caches/Coursier/v1/https/repo1.maven.org/maven2/io/airlift/aircompressor/0.27/aircompressor-0.27.jar)[0m
[0m[[0m[0minfo[0m] [0m[0m* Attributed(/Users/moudgil/Library/Caches/Coursier/v1/https/repo1.maven.org/maven2/org/jetbrains/annotations/17.0.0/annotations-17.0.0.jar)[0m
[0m[[0m[0minfo[0m] [0m[0m* Attributed(/Users/moudgil/Library/Caches/Coursier/v1/https/repo1.maven.org/maven2/org/threeten/threeten-extra/1.7.1/threeten-extra-1.7.1.jar)[0m
[0m[[0m[0minfo[0m] [0m[0m* Attributed(/Users/moudgil/Library/Caches/Coursier/v1/https/repo1.maven.org/maven2/org/apache/parquet/parquet-common/1.13.1/parquet-common-1.13.1.jar)[0m
[0m[[0m[0minfo[0m] [0m[0m* Attributed(/Users/moudgil/Library/Caches/Coursier/v1/https/repo1.maven.org/maven2/org/apache/parquet/parquet-encoding/1.13.1/parquet-encoding-1.13.1.jar)[0m
[0m[[0m[0minfo[0m] [0m[0m* Attributed(/Users/moudgil/Library/Caches/Coursier/v1/https/repo1.maven.org/maven2/org/apache/parquet/parquet-format-structures/1.13.1/parquet-format-structures-1.13.1.jar)[0m
[0m[[0m[0minfo[0m] [0m[0m* Attributed(/Users/moudgil/Library/Caches/Coursier/v1/https/repo1.maven.org/maven2/org/apache/parquet/parquet-jackson/1.13.1/parquet-jackson-1.13.1.jar)[0m
[0m[[0m[0minfo[0m] [0m[0m* Attributed(/Users/moudgil/Library/Caches/Coursier/v1/https/repo1.maven.org/maven2/org/scalatest/scalatest-compatible/3.2.17/scalatest-compatible-3.2.17.jar)[0m
[0m[[0m[0minfo[0m] [0m[0m* Attributed(/Users/moudgil/Library/Caches/Coursier/v1/https/repo1.maven.org/maven2/org/tukaani/xz/1.9/xz-1.9.jar)[0m
[0m[[0m[0minfo[0m] [0m[0m* Attributed(/Users/moudgil/Library/Caches/Coursier/v1/https/repo1.maven.org/maven2/com/esotericsoftware/minlog/1.3.0/minlog-1.3.0.jar)[0m
[0m[[0m[0minfo[0m] [0m[0m* Attributed(/Users/moudgil/Library/Caches/Coursier/v1/https/repo1.maven.org/maven2/com/google/code/gson/gson/2.10.1/gson-2.10.1.jar)[0m
[0m[[0m[0minfo[0m] [0m[0m* Attributed(/Users/moudgil/Library/Caches/Coursier/v1/https/repo1.maven.org/maven2/com/google/protobuf/protobuf-java/3.19.6/protobuf-java-3.19.6.jar)[0m
[0m[[0m[0minfo[0m] [0m[0m* Attributed(/Users/moudgil/Library/Caches/Coursier/v1/https/repo1.maven.org/maven2/joda-time/joda-time/2.12.5/joda-time-2.12.5.jar)[0m
[0m[[0m[0minfo[0m] [0m[0m* Attributed(/Users/moudgil/Library/Caches/Coursier/v1/https/repo1.maven.org/maven2/org/apache/curator/curator-client/2.13.0/curator-client-2.13.0.jar)[0m
[0m[[0m[0minfo[0m] [0m[0m* Attributed(/Users/moudgil/Library/Caches/Coursier/v1/https/repo1.maven.org/maven2/org/json4s/json4s-ast_2.12/3.7.0-M11/json4s-ast_2.12-3.7.0-M11.jar)[0m
[0m[[0m[0minfo[0m] [0m[0m* Attributed(/Users/moudgil/Library/Caches/Coursier/v1/https/repo1.maven.org/maven2/org/json4s/json4s-scalap_2.12/3.7.0-M11/json4s-scalap_2.12-3.7.0-M11.jar)[0m
[0m[[0m[0minfo[0m] [0m[0m* Attributed(/Users/moudgil/Library/Caches/Coursier/v1/https/repo1.maven.org/maven2/org/glassfish/hk2/external/aopalliance-repackaged/2.6.1/aopalliance-repackaged-2.6.1.jar)[0m
[0m[[0m[0minfo[0m] [0m[0m* Attributed(/Users/moudgil/Library/Caches/Coursier/v1/https/repo1.maven.org/maven2/org/glassfish/hk2/hk2-api/2.6.1/hk2-api-2.6.1.jar)[0m
[0m[[0m[0minfo[0m] [0m[0m* Attributed(/Users/moudgil/Library/Caches/Coursier/v1/https/repo1.maven.org/maven2/org/glassfish/hk2/hk2-utils/2.6.1/hk2-utils-2.6.1.jar)[0m
[0m[[0m[0minfo[0m] [0m[0m* Attributed(/Users/moudgil/Library/Caches/Coursier/v1/https/repo1.maven.org/maven2/org/scala-lang/modules/scala-parser-combinators_2.12/2.3.0/scala-parser-combinators_2.12-2.3.0.jar)[0m
[0m[[0m[0minfo[0m] [0m[0m* Attributed(/Users/moudgil/Library/Caches/Coursier/v1/https/repo1.maven.org/maven2/org/apache/arrow/arrow-vector/12.0.1/arrow-vector-12.0.1.jar)[0m
[0m[[0m[0minfo[0m] [0m[0m* Attributed(/Users/moudgil/Library/Caches/Coursier/v1/https/repo1.maven.org/maven2/org/apache/arrow/arrow-memory-netty/12.0.1/arrow-memory-netty-12.0.1.jar)[0m
[0m[[0m[0minfo[0m] [0m[0m* Attributed(/Users/moudgil/Library/Caches/Coursier/v1/https/repo1.maven.org/maven2/org/apache/datasketches/datasketches-memory/2.1.0/datasketches-memory-2.1.0.jar)[0m
[0m[[0m[0minfo[0m] [0m[0m* Attributed(/Users/moudgil/Library/Caches/Coursier/v1/https/repo1.maven.org/maven2/com/google/guava/guava/16.0.1/guava-16.0.1.jar)[0m
[0m[[0m[0minfo[0m] [0m[0m* Attributed(/Users/moudgil/Library/Caches/Coursier/v1/https/repo1.maven.org/maven2/org/apache/arrow/arrow-format/12.0.1/arrow-format-12.0.1.jar)[0m
[0m[[0m[0minfo[0m] [0m[0m* Attributed(/Users/moudgil/Library/Caches/Coursier/v1/https/repo1.maven.org/maven2/org/apache/arrow/arrow-memory-core/12.0.1/arrow-memory-core-12.0.1.jar)[0m
[0m[[0m[0minfo[0m] [0m[0m* Attributed(/Users/moudgil/Library/Caches/Coursier/v1/https/repo1.maven.org/maven2/com/fasterxml/jackson/datatype/jackson-datatype-jsr310/2.15.1/jackson-datatype-jsr310-2.15.1.jar)[0m
[0m[[0m[0minfo[0m] [0m[0m* Attributed(/Users/moudgil/Library/Caches/Coursier/v1/https/repo1.maven.org/maven2/com/google/flatbuffers/flatbuffers-java/1.12.0/flatbuffers-java-1.12.0.jar)[0m
[0m[[0m[0minfo[0m] [0m[0m* Attributed(/Users/moudgil/Library/Caches/Coursier/v1/https/repo1.maven.org/maven2/io/netty/netty-transport-native-epoll/4.1.96.Final/netty-transport-native-epoll-4.1.96.Final.jar)[0m
[0m[[0m[32msuccess[0m] [0m[0mTotal time: 1 s, completed Nov 2, 2025, 12:05:33 AM[0m
[0m[[0m[0mdebug[0m] [0m[0m> Exec(idea-shell, None, None)[0m
